<?xml version="1.0" encoding="UTF-8"?>
<!-- Generated by org.testng.reporters.JUnitXMLReporter -->
<testsuite hostname="DESKTOP-HQIM06O" name="Default test" tests="15" failures="0" timestamp="3 Oct 2019 02:49:14 GMT" time="0.078" errors="0">
  <testcase name="@BeforeClass BeforeClass" time="0.0" classname="com.bigbom.testcase.SignupScript">
    <failure type="org.testng.TestNGException" message="
Parameter &amp;apos;browser&amp;apos; is required by @Configuration on method BeforeClass but has not been marked @Optional or defined
in C:\Users\BigBom_Xuan\AppData\Local\Temp\testng-eclipse--196470496\testng-customsuite.xml">
      <![CDATA[org.testng.TestNGException: 
Parameter 'browser' is required by @Configuration on method BeforeClass but has not been marked @Optional or defined
in C:\Users\BigBom_Xuan\AppData\Local\Temp\testng-eclipse--196470496\testng-customsuite.xml
	at org.testng.internal.Parameters.createParameters(Parameters.java:155)
	at org.testng.internal.Parameters.createParameters(Parameters.java:355)
	at org.testng.internal.Parameters.createConfigurationParameters(Parameters.java:86)
	at org.testng.internal.Invoker.invokeConfigurations(Invoker.java:199)
	at org.testng.internal.Invoker.invokeConfigurations(Invoker.java:138)
	at org.testng.internal.TestMethodWorker.invokeBeforeClassMethods(TestMethodWorker.java:175)
	at org.testng.internal.TestMethodWorker.run(TestMethodWorker.java:107)
	at org.testng.TestRunner.privateRun(TestRunner.java:767)
	at org.testng.TestRunner.run(TestRunner.java:617)
	at org.testng.SuiteRunner.runTest(SuiteRunner.java:334)
	at org.testng.SuiteRunner.runSequentially(SuiteRunner.java:329)
	at org.testng.SuiteRunner.privateRun(SuiteRunner.java:291)
	at org.testng.SuiteRunner.run(SuiteRunner.java:240)
	at org.testng.SuiteRunnerWorker.runSuite(SuiteRunnerWorker.java:52)
	at org.testng.SuiteRunnerWorker.run(SuiteRunnerWorker.java:86)
	at org.testng.TestNG.runSuitesSequentially(TestNG.java:1198)
	at org.testng.TestNG.runSuitesLocally(TestNG.java:1123)
	at org.testng.TestNG.run(TestNG.java:1031)
	at org.testng.remote.AbstractRemoteTestNG.run(AbstractRemoteTestNG.java:115)
	at org.testng.remote.RemoteTestNG.initAndRun(RemoteTestNG.java:251)
	at org.testng.remote.RemoteTestNG.main(RemoteTestNG.java:77)
]]>
    </failure>
  </testcase> <!-- @BeforeClass BeforeClass -->
  <testcase name="@BeforeMethod beforeMethod" time="0.0" classname="com.bigbom.testcase.SignupScript">
    <skipped/>
  </testcase> <!-- @BeforeMethod beforeMethod -->
  <testcase name="@AfterMethod afterMethod" time="0.0" classname="com.bigbom.testcase.SignupScript">
    <skipped/>
  </testcase> <!-- @AfterMethod afterMethod -->
  <testcase name="@BeforeMethod beforeMethod" time="0.0" classname="com.bigbom.testcase.SignupScript">
    <skipped/>
  </testcase> <!-- @BeforeMethod beforeMethod -->
  <testcase name="@AfterMethod afterMethod" time="0.0" classname="com.bigbom.testcase.SignupScript">
    <skipped/>
  </testcase> <!-- @AfterMethod afterMethod -->
  <testcase name="@BeforeMethod beforeMethod" time="0.0" classname="com.bigbom.testcase.SignupScript">
    <skipped/>
  </testcase> <!-- @BeforeMethod beforeMethod -->
  <testcase name="@AfterMethod afterMethod" time="0.0" classname="com.bigbom.testcase.SignupScript">
    <skipped/>
  </testcase> <!-- @AfterMethod afterMethod -->
  <testcase name="@BeforeMethod beforeMethod" time="0.0" classname="com.bigbom.testcase.SignupScript">
    <skipped/>
  </testcase> <!-- @BeforeMethod beforeMethod -->
  <testcase name="@AfterMethod afterMethod" time="0.0" classname="com.bigbom.testcase.SignupScript">
    <skipped/>
  </testcase> <!-- @AfterMethod afterMethod -->
  <testcase name="@BeforeMethod beforeMethod" time="0.0" classname="com.bigbom.testcase.SignupScript">
    <skipped/>
  </testcase> <!-- @BeforeMethod beforeMethod -->
  <testcase name="@AfterMethod afterMethod" time="0.0" classname="com.bigbom.testcase.SignupScript">
    <skipped/>
  </testcase> <!-- @AfterMethod afterMethod -->
  <testcase name="@BeforeMethod beforeMethod" time="0.0" classname="com.bigbom.testcase.SignupScript">
    <skipped/>
  </testcase> <!-- @BeforeMethod beforeMethod -->
  <testcase name="@AfterMethod afterMethod" time="0.0" classname="com.bigbom.testcase.SignupScript">
    <skipped/>
  </testcase> <!-- @AfterMethod afterMethod -->
  <testcase name="@BeforeMethod beforeMethod" time="0.0" classname="com.bigbom.testcase.SignupScript">
    <skipped/>
  </testcase> <!-- @BeforeMethod beforeMethod -->
  <testcase name="@AfterMethod afterMethod" time="0.0" classname="com.bigbom.testcase.SignupScript">
    <skipped/>
  </testcase> <!-- @AfterMethod afterMethod -->
  <testcase name="@BeforeMethod beforeMethod" time="0.0" classname="com.bigbom.testcase.SignupScript">
    <skipped/>
  </testcase> <!-- @BeforeMethod beforeMethod -->
  <testcase name="@AfterMethod afterMethod" time="0.0" classname="com.bigbom.testcase.SignupScript">
    <skipped/>
  </testcase> <!-- @AfterMethod afterMethod -->
  <testcase name="@BeforeMethod beforeMethod" time="0.0" classname="com.bigbom.testcase.SignupScript">
    <skipped/>
  </testcase> <!-- @BeforeMethod beforeMethod -->
  <testcase name="@AfterMethod afterMethod" time="0.0" classname="com.bigbom.testcase.SignupScript">
    <skipped/>
  </testcase> <!-- @AfterMethod afterMethod -->
  <testcase name="@BeforeMethod beforeMethod" time="0.0" classname="com.bigbom.testcase.SignupScript">
    <skipped/>
  </testcase> <!-- @BeforeMethod beforeMethod -->
  <testcase name="@AfterMethod afterMethod" time="0.0" classname="com.bigbom.testcase.SignupScript">
    <skipped/>
  </testcase> <!-- @AfterMethod afterMethod -->
  <testcase name="@BeforeMethod beforeMethod" time="0.0" classname="com.bigbom.testcase.SignupScript">
    <skipped/>
  </testcase> <!-- @BeforeMethod beforeMethod -->
  <testcase name="@AfterMethod afterMethod" time="0.0" classname="com.bigbom.testcase.SignupScript">
    <skipped/>
  </testcase> <!-- @AfterMethod afterMethod -->
  <testcase name="@BeforeMethod beforeMethod" time="0.0" classname="com.bigbom.testcase.SignupScript">
    <skipped/>
  </testcase> <!-- @BeforeMethod beforeMethod -->
  <testcase name="@AfterMethod afterMethod" time="0.0" classname="com.bigbom.testcase.SignupScript">
    <skipped/>
  </testcase> <!-- @AfterMethod afterMethod -->
  <testcase name="@BeforeMethod beforeMethod" time="0.0" classname="com.bigbom.testcase.SignupScript">
    <skipped/>
  </testcase> <!-- @BeforeMethod beforeMethod -->
  <testcase name="@AfterMethod afterMethod" time="0.0" classname="com.bigbom.testcase.SignupScript">
    <skipped/>
  </testcase> <!-- @AfterMethod afterMethod -->
  <testcase name="@BeforeMethod beforeMethod" time="0.0" classname="com.bigbom.testcase.SignupScript">
    <skipped/>
  </testcase> <!-- @BeforeMethod beforeMethod -->
  <testcase name="@AfterMethod afterMethod" time="0.0" classname="com.bigbom.testcase.SignupScript">
    <skipped/>
  </testcase> <!-- @AfterMethod afterMethod -->
  <testcase name="@BeforeMethod beforeMethod" time="0.0" classname="com.bigbom.testcase.SignupScript">
    <skipped/>
  </testcase> <!-- @BeforeMethod beforeMethod -->
  <testcase name="@AfterMethod afterMethod" time="0.0" classname="com.bigbom.testcase.SignupScript">
    <skipped/>
  </testcase> <!-- @AfterMethod afterMethod -->
  <testcase name="@AfterClass AfterClass" time="0.0" classname="com.bigbom.testcase.SignupScript">
    <skipped/>
  </testcase> <!-- @AfterClass AfterClass -->
  <testcase name="TC_AT01_getCurrentUrl" time="0.004" classname="com.bigbom.testcase.SignupScript">
    <skipped/>
  </testcase> <!-- TC_AT01_getCurrentUrl -->
  <testcase name="TC_AT02_InputAllEmptyFieldsVerifyNotDisplayButton" time="0.001" classname="com.bigbom.testcase.SignupScript">
    <skipped/>
  </testcase> <!-- TC_AT02_InputAllEmptyFieldsVerifyNotDisplayButton -->
  <testcase name="TC_AT03_CheckValidateEmailFields" time="0.001" classname="com.bigbom.testcase.SignupScript">
    <skipped/>
  </testcase> <!-- TC_AT03_CheckValidateEmailFields -->
  <testcase name="TC_AT04_CheckValidatePasswordFields" time="0.0" classname="com.bigbom.testcase.SignupScript">
    <skipped/>
  </testcase> <!-- TC_AT04_CheckValidatePasswordFields -->
  <testcase name="TC_AT05_CheckValidateNumberPhoneFields" time="0.001" classname="com.bigbom.testcase.SignupScript">
    <skipped/>
  </testcase> <!-- TC_AT05_CheckValidateNumberPhoneFields -->
  <testcase name="TC_AT06_VerifyDisplayButtonSignup" time="0.0" classname="com.bigbom.testcase.SignupScript">
    <skipped/>
  </testcase> <!-- TC_AT06_VerifyDisplayButtonSignup -->
  <testcase name="TC_AT07_SignupWithEmailAlready" time="0.001" classname="com.bigbom.testcase.SignupScript">
    <skipped/>
  </testcase> <!-- TC_AT07_SignupWithEmailAlready -->
  <testcase name="TC_AT08_SignupNewAcount" time="0.001" classname="com.bigbom.testcase.SignupScript">
    <skipped/>
  </testcase> <!-- TC_AT08_SignupNewAcount -->
  <testcase name="TC_AT10_VerifyOtpMustNumber" time="0.001" classname="com.bigbom.testcase.SignupScript">
    <skipped/>
  </testcase> <!-- TC_AT10_VerifyOtpMustNumber -->
  <testcase name="TC_AT11_VerifyOtpInvalid" time="0.001" classname="com.bigbom.testcase.SignupScript">
    <skipped/>
  </testcase> <!-- TC_AT11_VerifyOtpInvalid -->
  <testcase name="TC_AT12_OpenNewTab" time="0.001" classname="com.bigbom.testcase.SignupScript">
    <skipped/>
  </testcase> <!-- TC_AT12_OpenNewTab -->
  <testcase name="TC_AT13_InputEmailYopmailVerify" time="0.0" classname="com.bigbom.testcase.SignupScript">
    <skipped/>
  </testcase> <!-- TC_AT13_InputEmailYopmailVerify -->
  <testcase name="TC_AT16_VerifyOTP" time="0.0" classname="com.bigbom.testcase.SignupScript">
    <skipped/>
  </testcase> <!-- TC_AT16_VerifyOTP -->
  <testcase name="TC_AT17_VeriffySignUpSuccessful" time="0.0" classname="com.bigbom.testcase.SignupScript">
    <skipped/>
  </testcase> <!-- TC_AT17_VeriffySignUpSuccessful -->
  <testcase name="TC_AT18_ClickButtonStartFreeTrial" time="0.001" classname="com.bigbom.testcase.SignupScript">
    <skipped/>
  </testcase> <!-- TC_AT18_ClickButtonStartFreeTrial -->
</testsuite> <!-- Default test -->
