<?xml version="1.0" encoding="UTF-8"?>
<!-- Generated by org.testng.reporters.JUnitXMLReporter -->
<testsuite hostname="Ty_Nguyen" name="Default test" tests="11" failures="0" timestamp="13 May 2019 09:47:01 GMT" time="0.061" errors="0">
  <testcase name="@BeforeClass BeforeClass" time="0.0" classname="com.beecow.testcase.CreateProductScript">
    <failure type="org.testng.TestNGException" message="
Parameter &amp;apos;browser&amp;apos; is required by @Configuration on method BeforeClass but has not been marked @Optional or defined
in C:\Users\Administrator.TY_NGUYEN\AppData\Local\Temp\testng-eclipse-1223595379\testng-customsuite.xml">
      <![CDATA[org.testng.TestNGException: 
Parameter 'browser' is required by @Configuration on method BeforeClass but has not been marked @Optional or defined
in C:\Users\Administrator.TY_NGUYEN\AppData\Local\Temp\testng-eclipse-1223595379\testng-customsuite.xml
	at org.testng.internal.Parameters.createParameters(Parameters.java:155)
	at org.testng.internal.Parameters.createParameters(Parameters.java:355)
	at org.testng.internal.Parameters.createConfigurationParameters(Parameters.java:86)
	at org.testng.internal.Invoker.invokeConfigurations(Invoker.java:199)
	at org.testng.internal.Invoker.invokeConfigurations(Invoker.java:138)
	at org.testng.internal.TestMethodWorker.invokeBeforeClassMethods(TestMethodWorker.java:175)
	at org.testng.internal.TestMethodWorker.run(TestMethodWorker.java:107)
	at org.testng.TestRunner.privateRun(TestRunner.java:767)
	at org.testng.TestRunner.run(TestRunner.java:617)
	at org.testng.SuiteRunner.runTest(SuiteRunner.java:334)
	at org.testng.SuiteRunner.runSequentially(SuiteRunner.java:329)
	at org.testng.SuiteRunner.privateRun(SuiteRunner.java:291)
	at org.testng.SuiteRunner.run(SuiteRunner.java:240)
	at org.testng.SuiteRunnerWorker.runSuite(SuiteRunnerWorker.java:52)
	at org.testng.SuiteRunnerWorker.run(SuiteRunnerWorker.java:86)
	at org.testng.TestNG.runSuitesSequentially(TestNG.java:1198)
	at org.testng.TestNG.runSuitesLocally(TestNG.java:1123)
	at org.testng.TestNG.run(TestNG.java:1031)
	at org.testng.remote.AbstractRemoteTestNG.run(AbstractRemoteTestNG.java:115)
	at org.testng.remote.RemoteTestNG.initAndRun(RemoteTestNG.java:251)
	at org.testng.remote.RemoteTestNG.main(RemoteTestNG.java:77)
]]>
    </failure>
  </testcase> <!-- @BeforeClass BeforeClass -->
  <testcase name="@BeforeMethod beforeMethod" time="0.0" classname="com.beecow.testcase.CreateProductScript">
    <skipped/>
  </testcase> <!-- @BeforeMethod beforeMethod -->
  <testcase name="@BeforeMethod beforeMethod" time="0.0" classname="com.beecow.testcase.CreateProductScript">
    <skipped/>
  </testcase> <!-- @BeforeMethod beforeMethod -->
  <testcase name="@BeforeMethod beforeMethod" time="0.0" classname="com.beecow.testcase.CreateProductScript">
    <skipped/>
  </testcase> <!-- @BeforeMethod beforeMethod -->
  <testcase name="@BeforeMethod beforeMethod" time="0.0" classname="com.beecow.testcase.CreateProductScript">
    <skipped/>
  </testcase> <!-- @BeforeMethod beforeMethod -->
  <testcase name="@BeforeMethod beforeMethod" time="0.0" classname="com.beecow.testcase.CreateProductScript">
    <skipped/>
  </testcase> <!-- @BeforeMethod beforeMethod -->
  <testcase name="@BeforeMethod beforeMethod" time="0.0" classname="com.beecow.testcase.CreateProductScript">
    <skipped/>
  </testcase> <!-- @BeforeMethod beforeMethod -->
  <testcase name="@BeforeMethod beforeMethod" time="0.0" classname="com.beecow.testcase.CreateProductScript">
    <skipped/>
  </testcase> <!-- @BeforeMethod beforeMethod -->
  <testcase name="@BeforeMethod beforeMethod" time="0.0" classname="com.beecow.testcase.CreateProductScript">
    <skipped/>
  </testcase> <!-- @BeforeMethod beforeMethod -->
  <testcase name="@BeforeMethod beforeMethod" time="0.0" classname="com.beecow.testcase.CreateProductScript">
    <skipped/>
  </testcase> <!-- @BeforeMethod beforeMethod -->
  <testcase name="@BeforeMethod beforeMethod" time="0.0" classname="com.beecow.testcase.CreateProductScript">
    <skipped/>
  </testcase> <!-- @BeforeMethod beforeMethod -->
  <testcase name="@BeforeMethod beforeMethod" time="0.0" classname="com.beecow.testcase.CreateProductScript">
    <skipped/>
  </testcase> <!-- @BeforeMethod beforeMethod -->
  <testcase name="@AfterClass AfterClass" time="0.0" classname="com.beecow.testcase.CreateProductScript">
    <skipped/>
  </testcase> <!-- @AfterClass AfterClass -->
  <testcase name="TC_24" time="0.006" classname="com.beecow.testcase.CreateProductScript">
    <skipped/>
  </testcase> <!-- TC_24 -->
  <testcase name="TC_25" time="0.001" classname="com.beecow.testcase.CreateProductScript">
    <skipped/>
  </testcase> <!-- TC_25 -->
  <testcase name="TC_26" time="0.002" classname="com.beecow.testcase.CreateProductScript">
    <skipped/>
  </testcase> <!-- TC_26 -->
  <testcase name="TC_27" time="0.002" classname="com.beecow.testcase.CreateProductScript">
    <skipped/>
  </testcase> <!-- TC_27 -->
  <testcase name="TC_28" time="0.001" classname="com.beecow.testcase.CreateProductScript">
    <skipped/>
  </testcase> <!-- TC_28 -->
  <testcase name="TC_29" time="0.006" classname="com.beecow.testcase.CreateProductScript">
    <skipped/>
  </testcase> <!-- TC_29 -->
  <testcase name="TC_30" time="0.001" classname="com.beecow.testcase.CreateProductScript">
    <skipped/>
  </testcase> <!-- TC_30 -->
  <testcase name="TC_31" time="0.0" classname="com.beecow.testcase.CreateProductScript">
    <skipped/>
  </testcase> <!-- TC_31 -->
  <testcase name="TC_32" time="0.002" classname="com.beecow.testcase.CreateProductScript">
    <skipped/>
  </testcase> <!-- TC_32 -->
  <testcase name="TC_33" time="0.001" classname="com.beecow.testcase.CreateProductScript">
    <skipped/>
  </testcase> <!-- TC_33 -->
  <testcase name="TC_34" time="0.0" classname="com.beecow.testcase.CreateProductScript">
    <skipped/>
  </testcase> <!-- TC_34 -->
</testsuite> <!-- Default test -->
