<?xml version="1.0" encoding="UTF-8"?>
<!-- Generated by org.testng.reporters.JUnitXMLReporter -->
<testsuite hostname="Ty_Nguyen" name="Login guru on Chrome" tests="7" failures="0" timestamp="14 May 2019 04:03:09 GMT" time="20.102" errors="0">
  <testcase name="TC_01_LoginEmptyEmailAndPassWord" time="1.755" classname="com.beecow.testcase.LoginScript"/>
  <testcase name="TC_02_LoginWrongSDT" time="0.329" classname="com.beecow.testcase.LoginScript"/>
  <testcase name="TC_03_LoginWrongEmail" time="0.347" classname="com.beecow.testcase.LoginScript"/>
  <testcase name="TC_04_LogincorrectEmailBlankPassword" time="0.403" classname="com.beecow.testcase.LoginScript"/>
  <testcase name="TC_05_LogincorrectEmailPasswordNotEnoughtCharracter" time="0.271" classname="com.beecow.testcase.LoginScript"/>
  <testcase name="TC_06_LogincorrectEmailWrongPassword" time="0.738" classname="com.beecow.testcase.LoginScript"/>
  <testcase name="TC_07_LoginCorrectEmailSdtAndPassword" time="7.346" classname="com.beecow.testcase.LoginScript"/>
</testsuite> <!-- Login guru on Chrome -->
