<?xml version="1.0" encoding="UTF-8"?>
<!-- Generated by org.testng.reporters.JUnitXMLReporter -->
<testsuite hostname="DESKTOP-HQIM06O" name="Login BigBom on Chrome" tests="1" failures="0" timestamp="3 Oct 2019 08:49:29 GMT" time="12.341" errors="0">
  <testcase name="@BeforeMethod beforeMethod" time="0.0" classname="com.bigbom.testcase.AnalysisScript">
    <failure type="java.lang.NullPointerException">
      <![CDATA[java.lang.NullPointerException
	at com.bigbom.testcase.AnalysisScript.beforeMethod(AnalysisScript.java:51)
	at java.util.concurrent.FutureTask.run(Unknown Source)
	at java.util.concurrent.ThreadPoolExecutor.runWorker(Unknown Source)
	at java.util.concurrent.ThreadPoolExecutor$Worker.run(Unknown Source)
	at java.lang.Thread.run(Unknown Source)
... Removed 18 stack frames]]>
    </failure>
  </testcase> <!-- @BeforeMethod beforeMethod -->
  <testcase name="@AfterMethod afterMethod" time="0.0" classname="com.bigbom.testcase.AnalysisScript">
    <skipped/>
  </testcase> <!-- @AfterMethod afterMethod -->
  <testcase name="@AfterClass AfterClass" time="0.0" classname="com.bigbom.testcase.AnalysisScript">
    <skipped/>
  </testcase> <!-- @AfterClass AfterClass -->
  <testcase name="TC_AT01_getCurrentUrl" time="0.002" classname="com.bigbom.testcase.AnalysisScript">
    <skipped/>
  </testcase> <!-- TC_AT01_getCurrentUrl -->
</testsuite> <!-- Login BigBom on Chrome -->
